<?xml version="1.0" encoding="UTF-8"?>
<testng-results ignored="0" total="1" passed="1" failed="0" skipped="0">
  <reporter-output>
  </reporter-output>
  <suite started-at="2025-10-23T14:38:27 IST" name="Suite" finished-at="2025-10-23T14:39:08 IST" duration-ms="40745">
    <groups>
    </groups>
    <test started-at="2025-10-23T14:38:27 IST" name="Test" finished-at="2025-10-23T14:39:08 IST" duration-ms="40745">
      <class name="test.LoginTest">
        <test-method is-config="true" signature="setup()[pri:0, instance:test.LoginTest@57db2b13]" started-at="2025-10-23T14:38:27 IST" name="setup" finished-at="2025-10-23T14:38:40 IST" duration-ms="13001" status="PASS">
          <reporter-output>
          </reporter-output>
        </test-method> <!-- setup -->
        <test-method signature="testCreateAdminUser()[pri:0, instance:test.LoginTest@57db2b13]" started-at="2025-10-23T14:38:40 IST" name="testCreateAdminUser" finished-at="2025-10-23T14:39:07 IST" duration-ms="27256" status="PASS">
          <reporter-output>
          </reporter-output>
        </test-method> <!-- testCreateAdminUser -->
        <test-method is-config="true" signature="tearDown()[pri:0, instance:test.LoginTest@57db2b13]" started-at="2025-10-23T14:39:07 IST" name="tearDown" finished-at="2025-10-23T14:39:08 IST" duration-ms="335" status="PASS">
          <reporter-output>
          </reporter-output>
        </test-method> <!-- tearDown -->
      </class> <!-- test.LoginTest -->
    </test> <!-- Test -->
  </suite> <!-- Suite -->
</testng-results>
