<?xml version="1.0" encoding="UTF-8"?>
<testng-results ignored="0" total="1" passed="1" failed="0" skipped="0">
  <reporter-output>
  </reporter-output>
  <suite started-at="2025-10-23T12:37:30 IST" name="Suite" finished-at="2025-10-23T12:38:05 IST" duration-ms="35703">
    <groups>
    </groups>
    <test started-at="2025-10-23T12:37:30 IST" name="Test" finished-at="2025-10-23T12:38:05 IST" duration-ms="35703">
      <class name="test.LoginTest">
        <test-method is-config="true" signature="setup()[pri:0, instance:test.LoginTest@4f0f2942]" started-at="2025-10-23T12:37:30 IST" name="setup" finished-at="2025-10-23T12:37:45 IST" duration-ms="15564" status="PASS">
          <reporter-output>
          </reporter-output>
        </test-method> <!-- setup -->
        <test-method signature="testCreateAdminUser()[pri:0, instance:test.LoginTest@4f0f2942]" started-at="2025-10-23T12:37:45 IST" name="testCreateAdminUser" finished-at="2025-10-23T12:38:05 IST" duration-ms="19656" status="PASS">
          <reporter-output>
          </reporter-output>
        </test-method> <!-- testCreateAdminUser -->
        <test-method is-config="true" signature="tearDown()[pri:0, instance:test.LoginTest@4f0f2942]" started-at="2025-10-23T12:38:05 IST" name="tearDown" finished-at="2025-10-23T12:38:05 IST" duration-ms="323" status="PASS">
          <reporter-output>
          </reporter-output>
        </test-method> <!-- tearDown -->
      </class> <!-- test.LoginTest -->
    </test> <!-- Test -->
  </suite> <!-- Suite -->
</testng-results>
